2018-05-30 06:33:14  get project cn-north-1 token Successful.
2018-05-30 06:33:16  get project cn-north-1_zhuwentao_dev_region token Successful.
2018-05-30 06:33:17  get project cn-east-2 token Successful.
2018-05-30 06:33:18  get project cn-east-2_Dont-lunch-Instance token Successful.
2018-05-30 06:33:19  get project cn-south-1 token Successful.
2018-05-30 06:34:53  get project cn-north-1 token Successful.
2018-05-30 06:34:53  get project cn-north-1_zhuwentao_dev_region token Successful.
2018-05-30 06:34:54  get project cn-east-2 token Successful.
2018-05-30 06:34:55  get project cn-east-2_Dont-lunch-Instance token Successful.
2018-05-30 06:34:57  get project cn-south-1 token Successful.
2018-05-30 06:40:51  get project cn-north-1 token Successful.
2018-05-30 06:40:53  get project cn-north-1_zhuwentao_dev_region token Successful.
2018-05-30 06:40:54  get project cn-east-2 token Successful.
2018-05-30 06:40:55  get project cn-east-2_Dont-lunch-Instance token Successful.
2018-05-30 06:40:56  get project cn-south-1 token Successful.
2018-05-30 06:40:57  get project cn-south-1_monitor-Tencent token Successful.
2018-05-30 06:40:57  get project ap-southeast-1 token Successful.
2018-05-30 06:43:22  get project cn-north-1 token Successful.
2018-05-30 06:43:22  get project cn-north-1_zhuwentao_dev_region token Successful.
2018-05-30 06:43:23  get project cn-east-2 token Successful.
2018-05-30 06:43:24  get project cn-east-2_Dont-lunch-Instance token Successful.
2018-05-30 06:43:25  get project cn-south-1 token Successful.
2018-05-30 06:43:26  get project cn-south-1_monitor-Tencent token Successful.
2018-05-30 06:43:27  get project ap-southeast-1 token Successful.
2018-05-30 06:53:45  get project cn-north-1 token Successful.
2018-05-30 06:53:46  get project cn-north-1_zhuwentao_dev_region token Successful.
2018-05-30 06:53:47  get project cn-east-2 token Successful.
2018-05-30 06:53:51  get project cn-east-2_Dont-lunch-Instance token Successful.
2018-05-30 06:53:53  get project cn-south-1 token Successful.
2018-05-30 06:53:54  get project cn-south-1_monitor-Tencent token Successful.
2018-05-30 06:53:55  get project ap-southeast-1 token Successful.
2018-05-30 06:54:44  get project cn-north-1 token Successful.
2018-05-30 06:54:46  get project cn-north-1_zhuwentao_dev_region token Successful.
2018-05-30 06:54:46  get project cn-east-2 token Successful.
2018-05-30 06:54:47  get project cn-east-2_Dont-lunch-Instance token Successful.
2018-05-30 06:54:49  get project cn-south-1 token Successful.
2018-05-30 06:54:50  get project cn-south-1_monitor-Tencent token Successful.
2018-05-30 06:54:51  get project ap-southeast-1 token Successful.
2018-05-30 06:55:32  get project cn-north-1 token Successful.
2018-05-30 06:55:33  get project cn-north-1_zhuwentao_dev_region token Successful.
2018-05-30 06:55:34  get project cn-east-2 token Successful.
2018-05-30 06:55:35  get project cn-east-2_Dont-lunch-Instance token Successful.
2018-05-30 06:55:37  get project cn-south-1 token Successful.
2018-05-30 06:55:38  get project cn-south-1_monitor-Tencent token Successful.
2018-05-30 06:55:39  get project ap-southeast-1 token Successful.
2018-05-30 06:58:19  get project cn-north-1 token Successful.
2018-05-30 06:58:20  get project cn-north-1_zhuwentao_dev_region token Successful.
2018-05-30 06:58:21  get project cn-east-2 token Successful.
2018-05-30 06:58:22  get project cn-east-2_Dont-lunch-Instance token Successful.
2018-05-30 06:58:23  get project cn-south-1 token Successful.
2018-05-30 06:58:25  get project cn-south-1_monitor-Tencent token Successful.
2018-05-30 06:58:25  get project ap-southeast-1 token Successful.
2018-05-30 07:02:46  get project cn-north-1 token Successful.
2018-05-30 07:02:47  get project cn-north-1_zhuwentao_dev_region token Successful.
2018-05-30 07:02:49  get project cn-east-2 token Successful.
2018-05-30 07:02:50  get project cn-east-2_Dont-lunch-Instance token Successful.
2018-05-30 07:02:51  get project cn-south-1 token Successful.
2018-05-30 07:02:52  get project cn-south-1_monitor-Tencent token Successful.
2018-05-30 07:02:53  get project ap-southeast-1 token Successful.
2018-05-30 07:04:45  get project cn-north-1 token Successful.
2018-05-30 07:04:46  get project cn-north-1_zhuwentao_dev_region token Successful.
2018-05-30 07:04:47  get project cn-east-2 token Successful.
2018-05-30 07:04:49  get project cn-east-2_Dont-lunch-Instance token Successful.
2018-05-30 07:04:50  get project cn-south-1 token Successful.
2018-05-30 07:04:51  get project cn-south-1_monitor-Tencent token Successful.
2018-05-30 07:04:52  get project ap-southeast-1 token Successful.
2018-05-30 07:05:44  get project cn-north-1 token Successful.
2018-05-30 07:05:45  get project cn-north-1_zhuwentao_dev_region token Successful.
2018-05-30 07:05:46  get project cn-east-2 token Successful.
2018-05-30 07:05:47  get project cn-east-2_Dont-lunch-Instance token Successful.
2018-05-30 07:05:48  get project cn-south-1 token Successful.
2018-05-30 07:05:50  get project cn-south-1_monitor-Tencent token Successful.
2018-05-30 07:05:51  get project ap-southeast-1 token Successful.
2018-05-30 07:06:14  get project cn-north-1 token Successful.
2018-05-30 07:06:15  get project cn-north-1_zhuwentao_dev_region token Successful.
2018-05-30 07:06:16  get project cn-east-2 token Successful.
2018-05-30 07:06:17  get project cn-east-2_Dont-lunch-Instance token Successful.
2018-05-30 07:06:18  get project cn-south-1 token Successful.
2018-05-30 07:06:20  get project cn-south-1_monitor-Tencent token Successful.
2018-05-30 07:06:21  get project ap-southeast-1 token Successful.
2018-05-30 07:10:53  get project cn-north-1 token Successful.
2018-05-30 07:10:54  get project cn-north-1_zhuwentao_dev_region token Successful.
2018-05-30 07:10:55  get project cn-east-2 token Successful.
2018-05-30 07:10:56  get project cn-east-2_Dont-lunch-Instance token Successful.
2018-05-30 07:10:58  get project cn-south-1 token Successful.
2018-05-30 07:10:59  get project cn-south-1_monitor-Tencent token Successful.
2018-05-30 07:11:00  get project ap-southeast-1 token Successful.
2018-05-30 07:11:41  get project cn-north-1 token Successful.
2018-05-30 07:11:42  get project cn-north-1_zhuwentao_dev_region token Successful.
2018-05-30 07:11:43  get project cn-east-2 token Successful.
2018-05-30 07:11:44  get project cn-east-2_Dont-lunch-Instance token Successful.
2018-05-30 07:11:45  get project cn-south-1 token Successful.
2018-05-30 07:11:47  get project cn-south-1_monitor-Tencent token Successful.
2018-05-30 07:11:48  get project ap-southeast-1 token Successful.
2018-05-30 07:23:52  get project cn-north-1 token Successful.
2018-05-30 07:23:53  get project cn-north-1_zhuwentao_dev_region token Successful.
2018-05-30 07:23:54  get project cn-east-2 token Successful.
2018-05-30 07:23:55  get project cn-east-2_Dont-lunch-Instance token Successful.
2018-05-30 07:23:56  get project cn-south-1 token Successful.
2018-05-30 07:23:58  get project cn-south-1_monitor-Tencent token Successful.
2018-05-30 07:23:59  get project ap-southeast-1 token Successful.
2018-05-30 07:24:22  get project cn-north-1 token Successful.
2018-05-30 07:24:23  get project cn-north-1_zhuwentao_dev_region token Successful.
2018-05-30 07:24:24  get project cn-east-2 token Successful.
2018-05-30 07:24:25  get project cn-east-2_Dont-lunch-Instance token Successful.
2018-05-30 07:24:26  get project cn-south-1 token Successful.
2018-05-30 07:24:28  get project cn-south-1_monitor-Tencent token Successful.
2018-05-30 07:24:28  get project ap-southeast-1 token Successful.
2018-05-30 09:30:28  get project cn-north-1 token Successful.
2018-05-30 09:30:29  get project cn-north-1_zhuwentao_dev_region token Successful.
2018-05-30 09:30:30  get project cn-east-2 token Successful.
2018-05-30 09:30:31  get project cn-east-2_Dont-lunch-Instance token Successful.
2018-05-30 09:30:32  get project cn-south-1 token Successful.
2018-05-30 09:30:33  get project cn-south-1_monitor-Tencent token Successful.
2018-05-30 09:30:34  get project ap-southeast-1 token Successful.
2018-05-30 09:35:33  get project cn-north-1 token Successful.
2018-05-30 09:35:35  get project cn-north-1_zhuwentao_dev_region token Successful.
2018-05-30 09:35:35  get project cn-east-2 token Successful.
2018-05-30 09:35:36  get project cn-east-2_Dont-lunch-Instance token Successful.
2018-05-30 09:35:37  get project cn-south-1 token Successful.
2018-05-30 09:35:38  get project cn-south-1_monitor-Tencent token Successful.
2018-05-30 09:35:39  get project ap-southeast-1 token Successful.
2018-05-30 10:17:06  get project cn-north-1 token Successful.
2018-05-30 10:17:06  get project cn-north-1_zhuwentao_dev_region token Successful.
2018-05-30 10:17:07  get project cn-east-2 token Successful.
2018-05-30 10:17:09  get project cn-east-2_Dont-lunch-Instance token Successful.
2018-05-30 10:17:10  get project cn-south-1 token Successful.
2018-05-30 10:18:13  get project cn-north-1 token Successful.
2018-05-30 10:18:14  get project cn-north-1_zhuwentao_dev_region token Successful.
2018-05-30 10:18:15  get project cn-east-2 token Successful.
2018-05-30 10:18:16  get project cn-east-2_Dont-lunch-Instance token Successful.
2018-05-30 10:18:17  get project cn-south-1 token Successful.
2018-05-30 10:18:18  get project cn-south-1_monitor-Tencent token Successful.
2018-05-30 10:18:20  get project ap-southeast-1 token Successful.
2018-05-30 10:19:23  get project cn-north-1 token Successful.
2018-05-30 10:19:25  get project cn-north-1_zhuwentao_dev_region token Successful.
2018-05-30 10:19:26  get project cn-east-2 token Successful.
2018-05-30 10:19:27  get project cn-east-2_Dont-lunch-Instance token Successful.
2018-05-30 10:19:28  get project cn-south-1 token Successful.
2018-05-30 10:19:28  get project cn-south-1_monitor-Tencent token Successful.
2018-05-30 10:19:29  get project ap-southeast-1 token Successful.
2018-05-30 10:21:15  get project cn-north-1 token Successful.
2018-05-30 10:21:15  get project cn-north-1_zhuwentao_dev_region token Successful.
2018-05-30 10:21:16  get project cn-east-2 token Successful.
2018-05-30 10:21:17  get project cn-east-2_Dont-lunch-Instance token Successful.
2018-05-30 10:21:17  get project cn-south-1 token Successful.
2018-05-30 10:21:18  get project cn-south-1_monitor-Tencent token Successful.
2018-05-30 10:21:19  get project ap-southeast-1 token Successful.
2018-05-30 11:04:01  get project cn-north-1 token Successful.
2018-05-30 11:04:02  get project cn-north-1_zhuwentao_dev_region token Successful.
2018-05-30 11:04:06  get project cn-east-2 token Successful.
2018-05-30 11:04:10  get project cn-east-2_Dont-lunch-Instance token Successful.
2018-05-30 11:04:10  get project cn-south-1 token Successful.
2018-05-30 11:04:11  get project cn-south-1_monitor-Tencent token Successful.
2018-05-30 11:04:12  get project ap-southeast-1 token Successful.
2018-05-30 11:09:07  get project cn-north-1 token Successful.
2018-05-30 11:10:09  get project cn-north-1 token Successful.
2018-05-30 11:12:52  get project cn-north-1 token Successful.
2018-05-30 11:16:39  get project cn-north-1 token Successful.
2018-05-30 11:26:09  get project cn-north-1 token Successful.
2018-05-30 11:26:22  get project cn-north-1 token Successful.
2018-05-30 11:27:11  get project cn-north-1 token Successful.
2018-05-30 11:27:31  get project cn-north-1 token Successful.
2018-05-30 11:30:31  get project cn-north-1 token Successful.
2018-05-30 11:30:34  get project cn-north-1 token Successful.
2018-05-30 11:42:03  get project cn-north-1 token Successful.
2018-05-30 11:42:05  get project cn-north-1_zhuwentao_dev_region token Successful.
2018-05-30 11:42:06  get project cn-east-2 token Successful.
2018-05-30 11:42:09  get project cn-east-2_Dont-lunch-Instance token Successful.
2018-05-30 11:42:11  get project cn-south-1 token Successful.
2018-05-30 11:42:13  get project cn-south-1_monitor-Tencent token Successful.
2018-05-30 11:42:14  get project ap-southeast-1 token Successful.
2018-05-30 11:42:35  get project cn-north-1 token Successful.
2018-05-30 11:42:37  get project cn-north-1_zhuwentao_dev_region token Successful.
2018-05-30 11:42:38  get project cn-east-2 token Successful.
2018-05-30 11:42:41  get project cn-east-2_Dont-lunch-Instance token Successful.
2018-05-30 11:42:43  get project cn-south-1 token Successful.
2018-05-30 11:42:44  get project cn-south-1_monitor-Tencent token Successful.
2018-05-30 11:42:45  get project ap-southeast-1 token Successful.
2018-05-30 11:43:17  get project cn-north-1 token Successful.
2018-05-30 11:43:19  get project cn-north-1_zhuwentao_dev_region token Successful.
2018-05-30 11:43:20  get project cn-east-2 token Successful.
2018-05-30 11:43:22  get project cn-east-2_Dont-lunch-Instance token Successful.
2018-05-30 11:43:25  get project cn-south-1 token Successful.
2018-05-30 11:43:26  get project cn-south-1_monitor-Tencent token Successful.
2018-05-30 11:43:27  get project ap-southeast-1 token Successful.
2018-05-30 11:44:00  get project cn-north-1 token Successful.
2018-05-30 11:44:02  get project cn-north-1_zhuwentao_dev_region token Successful.
2018-05-30 11:44:03  get project cn-east-2 token Successful.
2018-05-30 11:44:06  get project cn-east-2_Dont-lunch-Instance token Successful.
2018-05-30 11:44:08  get project cn-south-1 token Successful.
2018-05-30 11:44:10  get project cn-south-1_monitor-Tencent token Successful.
2018-05-30 11:44:11  get project ap-southeast-1 token Successful.
2018-05-30 11:44:43  get project cn-north-1 token Successful.
2018-05-30 11:44:45  get project cn-north-1_zhuwentao_dev_region token Successful.
2018-05-30 11:44:46  get project cn-east-2 token Successful.
2018-05-30 11:44:48  get project cn-east-2_Dont-lunch-Instance token Successful.
2018-05-30 11:44:51  get project cn-south-1 token Successful.
2018-05-30 11:44:52  get project cn-south-1_monitor-Tencent token Successful.
2018-05-30 11:44:53  get project ap-southeast-1 token Successful.
2018-05-30 11:48:36  get project cn-north-1 token Successful.
2018-05-30 11:48:56  get project cn-north-1 token Successful.
2018-05-30 11:48:57  get project cn-north-1_zhuwentao_dev_region token Successful.
2018-05-30 11:48:58  get project cn-east-2 token Successful.
2018-05-30 11:48:59  get project cn-east-2_Dont-lunch-Instance token Successful.
2018-05-30 11:49:00  get project cn-south-1 token Successful.
2018-05-30 11:49:01  get project cn-south-1_monitor-Tencent token Successful.
2018-05-30 11:49:03  get project ap-southeast-1 token Successful.
2018-05-30 11:51:09  get project cn-north-1 token Successful.
2018-05-30 11:52:06  get project cn-north-1 token Successful.
2018-05-30 11:55:27  get project cn-north-1 token Successful.
2018-05-30 11:58:19  get project cn-north-1 token Successful.
2018-05-30 14:14:19  get project cn-north-1 token Successful.
2018-05-30 14:17:42  get project cn-north-1 token Successful.
2018-05-30 14:19:32  get project cn-north-1 token Successful.
2018-05-30 14:20:21  get project cn-north-1 token Successful.
2018-05-30 14:20:30  get project cn-north-1 token Successful.
2018-05-30 14:27:20  get project cn-north-1 token Successful.
2018-05-30 14:35:10  get project cn-north-1 token Successful.
2018-05-30 14:35:44  get project cn-north-1 token Successful.
2018-05-30 14:35:45  get project cn-north-1_zhuwentao_dev_region token Successful.
2018-05-30 14:35:45  get project cn-east-2 token Successful.
2018-05-30 14:35:47  get project cn-east-2_Dont-lunch-Instance token Successful.
2018-05-30 14:35:48  get project cn-south-1 token Successful.
2018-05-30 14:35:49  get project cn-south-1_monitor-Tencent token Successful.
2018-05-30 14:35:50  get project ap-southeast-1 token Successful.
2018-05-30 14:38:01  get project cn-north-1 token Successful.
2018-05-30 14:38:01  get project cn-north-1_zhuwentao_dev_region token Successful.
2018-05-30 14:38:03  get project cn-east-2 token Successful.
2018-05-30 14:38:05  get project cn-east-2_Dont-lunch-Instance token Successful.
2018-05-30 14:38:06  get project cn-south-1 token Successful.
2018-05-30 14:38:06  get project cn-south-1_monitor-Tencent token Successful.
2018-05-30 14:38:07  get project ap-southeast-1 token Successful.
2018-05-30 14:38:55  get project cn-north-1 token Successful.
2018-05-30 14:38:56  get project cn-north-1_zhuwentao_dev_region token Successful.
2018-05-30 14:38:57  get project cn-east-2 token Successful.
2018-05-30 14:38:58  get project cn-east-2_Dont-lunch-Instance token Successful.
2018-05-30 14:38:59  get project cn-south-1 token Successful.
2018-05-30 14:39:00  get project cn-south-1_monitor-Tencent token Successful.
2018-05-30 14:39:01  get project ap-southeast-1 token Successful.
